[2024-02-03T19:53:13.269+0000][gc,init] CardTable entry size: 512
[2024-02-03T19:53:13.269+0000][gc     ] Using G1
[2024-02-03T19:53:13.282+0000][gc,init] Version: 21.0.1+12-LTS (release)
[2024-02-03T19:53:13.282+0000][gc,init] CPUs: 2 total, 2 available
[2024-02-03T19:53:13.282+0000][gc,init] Memory: 7929M
[2024-02-03T19:53:13.282+0000][gc,init] Large Page Support: Disabled
[2024-02-03T19:53:13.282+0000][gc,init] NUMA Support: Disabled
[2024-02-03T19:53:13.282+0000][gc,init] Compressed Oops: Enabled (32-bit)
[2024-02-03T19:53:13.282+0000][gc,init] Heap Region Size: 1M
[2024-02-03T19:53:13.282+0000][gc,init] Heap Min Capacity: 1G
[2024-02-03T19:53:13.282+0000][gc,init] Heap Initial Capacity: 1G
[2024-02-03T19:53:13.282+0000][gc,init] Heap Max Capacity: 1G
[2024-02-03T19:53:13.282+0000][gc,init] Pre-touch: Disabled
[2024-02-03T19:53:13.282+0000][gc,init] Parallel Workers: 2
[2024-02-03T19:53:13.282+0000][gc,init] Concurrent Workers: 1
[2024-02-03T19:53:13.282+0000][gc,init] Concurrent Refinement Workers: 2
[2024-02-03T19:53:13.282+0000][gc,init] Periodic GC: Disabled
[2024-02-03T19:53:13.289+0000][gc,metaspace] CDS archive(s) mapped at: [0x00007f09c3000000-0x00007f09c3ca8000-0x00007f09c3ca8000), size 13271040, SharedBaseAddress: 0x00007f09c3000000, ArchiveRelocationMode: 1.
[2024-02-03T19:53:13.289+0000][gc,metaspace] Compressed class space mapped at: 0x00007f09c4000000-0x00007f0a04000000, reserved size: 1073741824
[2024-02-03T19:53:13.289+0000][gc,metaspace] Narrow klass base: 0x00007f09c3000000, Narrow klass shift: 0, Narrow klass range: 0x100000000
[2024-02-03T19:53:14.763+0000][gc,start    ] GC(0) Pause Young (Normal) (G1 Evacuation Pause)
[2024-02-03T19:53:14.763+0000][gc,task     ] GC(0) Using 2 workers of 2 for evacuation
[2024-02-03T19:53:14.778+0000][gc,phases   ] GC(0)   Pre Evacuate Collection Set: 0.1ms
[2024-02-03T19:53:14.778+0000][gc,phases   ] GC(0)   Merge Heap Roots: 0.1ms
[2024-02-03T19:53:14.778+0000][gc,phases   ] GC(0)   Evacuate Collection Set: 14.4ms
[2024-02-03T19:53:14.779+0000][gc,phases   ] GC(0)   Post Evacuate Collection Set: 0.5ms
[2024-02-03T19:53:14.779+0000][gc,phases   ] GC(0)   Other: 0.3ms
[2024-02-03T19:53:14.779+0000][gc,heap     ] GC(0) Eden regions: 51->0(44)
[2024-02-03T19:53:14.779+0000][gc,heap     ] GC(0) Survivor regions: 0->7(7)
[2024-02-03T19:53:14.779+0000][gc,heap     ] GC(0) Old regions: 2->2
[2024-02-03T19:53:14.779+0000][gc,heap     ] GC(0) Humongous regions: 0->0
[2024-02-03T19:53:14.779+0000][gc,metaspace] GC(0) Metaspace: 19770K(19968K)->19770K(19968K) NonClass: 17225K(17344K)->17225K(17344K) Class: 2544K(2624K)->2544K(2624K)
[2024-02-03T19:53:14.779+0000][gc          ] GC(0) Pause Young (Normal) (G1 Evacuation Pause) 52M->8M(1024M) 16.834ms
[2024-02-03T19:53:14.780+0000][gc,cpu      ] GC(0) User=0.02s Sys=0.01s Real=0.01s
[2024-02-03T19:53:14.961+0000][gc,start    ] GC(1) Pause Young (Concurrent Start) (Metadata GC Threshold)
[2024-02-03T19:53:14.962+0000][gc,task     ] GC(1) Using 2 workers of 2 for evacuation
[2024-02-03T19:53:14.970+0000][gc,phases   ] GC(1)   Pre Evacuate Collection Set: 0.2ms
[2024-02-03T19:53:14.970+0000][gc,phases   ] GC(1)   Merge Heap Roots: 0.0ms
[2024-02-03T19:53:14.970+0000][gc,phases   ] GC(1)   Evacuate Collection Set: 8.0ms
[2024-02-03T19:53:14.970+0000][gc,phases   ] GC(1)   Post Evacuate Collection Set: 0.3ms
[2024-02-03T19:53:14.970+0000][gc,phases   ] GC(1)   Other: 0.1ms
[2024-02-03T19:53:14.970+0000][gc,heap     ] GC(1) Eden regions: 7->0(49)
[2024-02-03T19:53:14.970+0000][gc,heap     ] GC(1) Survivor regions: 7->2(7)
[2024-02-03T19:53:14.970+0000][gc,heap     ] GC(1) Old regions: 2->9
[2024-02-03T19:53:14.970+0000][gc,heap     ] GC(1) Humongous regions: 129->129
[2024-02-03T19:53:14.970+0000][gc,metaspace] GC(1) Metaspace: 21288K(21504K)->21288K(21504K) NonClass: 18532K(18624K)->18532K(18624K) Class: 2756K(2880K)->2756K(2880K)
[2024-02-03T19:53:14.970+0000][gc          ] GC(1) Pause Young (Concurrent Start) (Metadata GC Threshold) 143M->138M(1024M) 8.930ms
[2024-02-03T19:53:14.970+0000][gc,cpu      ] GC(1) User=0.01s Sys=0.01s Real=0.00s
[2024-02-03T19:53:14.970+0000][gc          ] GC(2) Concurrent Mark Cycle
[2024-02-03T19:53:14.971+0000][gc,marking  ] GC(2) Concurrent Scan Root Regions
[2024-02-03T19:53:14.975+0000][gc,marking  ] GC(2) Concurrent Scan Root Regions 3.852ms
[2024-02-03T19:53:14.975+0000][gc,marking  ] GC(2) Concurrent Mark
[2024-02-03T19:53:14.975+0000][gc,marking  ] GC(2) Concurrent Mark From Roots
[2024-02-03T19:53:14.975+0000][gc,task     ] GC(2) Using 1 workers of 1 for marking
[2024-02-03T19:53:14.977+0000][gc,marking  ] GC(2) Concurrent Mark From Roots 2.335ms
[2024-02-03T19:53:14.977+0000][gc,marking  ] GC(2) Concurrent Preclean
[2024-02-03T19:53:14.977+0000][gc,marking  ] GC(2) Concurrent Preclean 0.029ms
[2024-02-03T19:53:14.977+0000][gc,start    ] GC(2) Pause Remark
[2024-02-03T19:53:14.981+0000][gc          ] GC(2) Pause Remark 139M->139M(1024M) 3.455ms
[2024-02-03T19:53:14.981+0000][gc,cpu      ] GC(2) User=0.00s Sys=0.00s Real=0.01s
[2024-02-03T19:53:14.981+0000][gc,marking  ] GC(2) Concurrent Mark 6.208ms
[2024-02-03T19:53:14.981+0000][gc,marking  ] GC(2) Concurrent Rebuild Remembered Sets and Scrub Regions
[2024-02-03T19:53:14.986+0000][gc,marking  ] GC(2) Concurrent Rebuild Remembered Sets and Scrub Regions 5.026ms
[2024-02-03T19:53:14.986+0000][gc,start    ] GC(2) Pause Cleanup
[2024-02-03T19:53:14.986+0000][gc          ] GC(2) Pause Cleanup 139M->139M(1024M) 0.131ms
[2024-02-03T19:53:14.986+0000][gc,cpu      ] GC(2) User=0.00s Sys=0.00s Real=0.00s
[2024-02-03T19:53:14.987+0000][gc,marking  ] GC(2) Concurrent Clear Claimed Marks
[2024-02-03T19:53:14.987+0000][gc,marking  ] GC(2) Concurrent Clear Claimed Marks 0.039ms
[2024-02-03T19:53:14.987+0000][gc,marking  ] GC(2) Concurrent Cleanup for Next Mark
[2024-02-03T19:53:15.005+0000][gc,marking  ] GC(2) Concurrent Cleanup for Next Mark 18.592ms
[2024-02-03T19:53:15.005+0000][gc          ] GC(2) Concurrent Mark Cycle 34.982ms
[2024-02-03T19:53:26.851+0000][gc,start    ] GC(3) Pause Young (Prepare Mixed) (G1 Evacuation Pause)
[2024-02-03T19:53:26.851+0000][gc,task     ] GC(3) Using 2 workers of 2 for evacuation
[2024-02-03T19:53:26.857+0000][gc,phases   ] GC(3)   Pre Evacuate Collection Set: 0.1ms
[2024-02-03T19:53:26.857+0000][gc,phases   ] GC(3)   Merge Heap Roots: 0.1ms
[2024-02-03T19:53:26.857+0000][gc,phases   ] GC(3)   Evacuate Collection Set: 5.5ms
[2024-02-03T19:53:26.857+0000][gc,phases   ] GC(3)   Post Evacuate Collection Set: 0.5ms
[2024-02-03T19:53:26.857+0000][gc,phases   ] GC(3)   Other: 0.1ms
[2024-02-03T19:53:26.857+0000][gc,heap     ] GC(3) Eden regions: 49->0(46)
[2024-02-03T19:53:26.857+0000][gc,heap     ] GC(3) Survivor regions: 2->5(7)
[2024-02-03T19:53:26.857+0000][gc,heap     ] GC(3) Old regions: 9->9
[2024-02-03T19:53:26.857+0000][gc,heap     ] GC(3) Humongous regions: 129->129
[2024-02-03T19:53:26.857+0000][gc,metaspace] GC(3) Metaspace: 33031K(33408K)->33031K(33408K) NonClass: 29165K(29376K)->29165K(29376K) Class: 3865K(4032K)->3865K(4032K)
[2024-02-03T19:53:26.857+0000][gc          ] GC(3) Pause Young (Prepare Mixed) (G1 Evacuation Pause) 187M->141M(1024M) 6.510ms
[2024-02-03T19:53:26.857+0000][gc,cpu      ] GC(3) User=0.01s Sys=0.00s Real=0.01s
[2024-02-03T19:53:28.813+0000][gc,heap,exit] Heap
[2024-02-03T19:53:28.813+0000][gc,heap,exit]  garbage-first heap   total 1048576K, used 151472K [0x00000000c0000000, 0x0000000100000000)
[2024-02-03T19:53:28.813+0000][gc,heap,exit]   region size 1024K, 12 young (12288K), 5 survivors (5120K)
[2024-02-03T19:53:28.813+0000][gc,heap,exit]  Metaspace       used 33529K, committed 33856K, reserved 1114112K
[2024-02-03T19:53:28.813+0000][gc,heap,exit]   class space    used 3923K, committed 4096K, reserved 1048576K
