[2024-02-06 21:04:59,711] INFO [GroupMetadataManager brokerId=0] Removed 0 expired offsets in 2 milliseconds. (kafka.coordinator.group.GroupMetadataManager)
[2024-02-06 21:08:30,384] INFO [GroupCoordinator 0]: Member consumer-spark-kafka-source-e2aeac43-02be-4028-8fe5-2a669208f155--1047283145-driver-0-1-54beeb68-e04e-40ed-8ed1-911057ce951a in group spark-kafka-source-e2aeac43-02be-4028-8fe5-2a669208f155--1047283145-driver-0 has failed, removing it from the group (kafka.coordinator.group.GroupCoordinator)
[2024-02-06 21:08:30,385] INFO [GroupCoordinator 0]: Preparing to rebalance group spark-kafka-source-e2aeac43-02be-4028-8fe5-2a669208f155--1047283145-driver-0 in state PreparingRebalance with old generation 1 (__consumer_offsets-0) (reason: removing member consumer-spark-kafka-source-e2aeac43-02be-4028-8fe5-2a669208f155--1047283145-driver-0-1-54beeb68-e04e-40ed-8ed1-911057ce951a on heartbeat expiration) (kafka.coordinator.group.GroupCoordinator)
[2024-02-06 21:08:30,385] INFO [GroupCoordinator 0]: Group spark-kafka-source-e2aeac43-02be-4028-8fe5-2a669208f155--1047283145-driver-0 with generation 2 is now empty (__consumer_offsets-0) (kafka.coordinator.group.GroupCoordinator)
[2024-02-06 21:11:18,583] INFO [GroupCoordinator 0]: Preparing to rebalance group spark-kafka-source-abc8bc75-07a3-4f75-b3fa-5db956b4ad2b-527308861-driver-0 in state PreparingRebalance with old generation 0 (__consumer_offsets-2) (reason: Adding new member consumer-spark-kafka-source-abc8bc75-07a3-4f75-b3fa-5db956b4ad2b-527308861-driver-0-1-74689f99-1521-41ca-a3a2-a76129758461 with group instance id None) (kafka.coordinator.group.GroupCoordinator)
[2024-02-06 21:11:18,589] INFO [GroupCoordinator 0]: Stabilized group spark-kafka-source-abc8bc75-07a3-4f75-b3fa-5db956b4ad2b-527308861-driver-0 generation 1 (__consumer_offsets-2) (kafka.coordinator.group.GroupCoordinator)
[2024-02-06 21:11:18,598] INFO [GroupCoordinator 0]: Assignment received from leader for group spark-kafka-source-abc8bc75-07a3-4f75-b3fa-5db956b4ad2b-527308861-driver-0 for generation 1 (kafka.coordinator.group.GroupCoordinator)
[2024-02-06 21:14:59,709] INFO [GroupMetadataManager brokerId=0] Group spark-kafka-source-e2aeac43-02be-4028-8fe5-2a669208f155--1047283145-driver-0 transitioned to Dead in generation 2 (kafka.coordinator.group.GroupMetadataManager)
[2024-02-06 21:14:59,710] INFO [GroupMetadataManager brokerId=0] Removed 0 expired offsets in 1 milliseconds. (kafka.coordinator.group.GroupMetadataManager)
[2024-02-06 21:15:59,052] INFO [GroupCoordinator 0]: Member consumer-spark-kafka-source-abc8bc75-07a3-4f75-b3fa-5db956b4ad2b-527308861-driver-0-1-74689f99-1521-41ca-a3a2-a76129758461 in group spark-kafka-source-abc8bc75-07a3-4f75-b3fa-5db956b4ad2b-527308861-driver-0 has failed, removing it from the group (kafka.coordinator.group.GroupCoordinator)
[2024-02-06 21:15:59,053] INFO [GroupCoordinator 0]: Preparing to rebalance group spark-kafka-source-abc8bc75-07a3-4f75-b3fa-5db956b4ad2b-527308861-driver-0 in state PreparingRebalance with old generation 1 (__consumer_offsets-2) (reason: removing member consumer-spark-kafka-source-abc8bc75-07a3-4f75-b3fa-5db956b4ad2b-527308861-driver-0-1-74689f99-1521-41ca-a3a2-a76129758461 on heartbeat expiration) (kafka.coordinator.group.GroupCoordinator)
[2024-02-06 21:15:59,053] INFO [GroupCoordinator 0]: Group spark-kafka-source-abc8bc75-07a3-4f75-b3fa-5db956b4ad2b-527308861-driver-0 with generation 2 is now empty (__consumer_offsets-2) (kafka.coordinator.group.GroupCoordinator)
[2024-02-06 21:19:13,023] INFO [GroupCoordinator 0]: Preparing to rebalance group spark-kafka-source-8b51c7c5-4dc1-4946-a3a4-10bf7bb3f964--570476199-driver-0 in state PreparingRebalance with old generation 0 (__consumer_offsets-25) (reason: Adding new member consumer-spark-kafka-source-8b51c7c5-4dc1-4946-a3a4-10bf7bb3f964--570476199-driver-0-1-23171085-2df1-408c-b57c-805175752639 with group instance id None) (kafka.coordinator.group.GroupCoordinator)
[2024-02-06 21:19:13,024] INFO [GroupCoordinator 0]: Stabilized group spark-kafka-source-8b51c7c5-4dc1-4946-a3a4-10bf7bb3f964--570476199-driver-0 generation 1 (__consumer_offsets-25) (kafka.coordinator.group.GroupCoordinator)
[2024-02-06 21:19:13,035] INFO [GroupCoordinator 0]: Assignment received from leader for group spark-kafka-source-8b51c7c5-4dc1-4946-a3a4-10bf7bb3f964--570476199-driver-0 for generation 1 (kafka.coordinator.group.GroupCoordinator)
[2024-02-06 21:21:44,347] INFO [GroupCoordinator 0]: Member consumer-spark-kafka-source-8b51c7c5-4dc1-4946-a3a4-10bf7bb3f964--570476199-driver-0-1-23171085-2df1-408c-b57c-805175752639 in group spark-kafka-source-8b51c7c5-4dc1-4946-a3a4-10bf7bb3f964--570476199-driver-0 has failed, removing it from the group (kafka.coordinator.group.GroupCoordinator)
[2024-02-06 21:21:44,348] INFO [GroupCoordinator 0]: Preparing to rebalance group spark-kafka-source-8b51c7c5-4dc1-4946-a3a4-10bf7bb3f964--570476199-driver-0 in state PreparingRebalance with old generation 1 (__consumer_offsets-25) (reason: removing member consumer-spark-kafka-source-8b51c7c5-4dc1-4946-a3a4-10bf7bb3f964--570476199-driver-0-1-23171085-2df1-408c-b57c-805175752639 on heartbeat expiration) (kafka.coordinator.group.GroupCoordinator)
[2024-02-06 21:21:44,348] INFO [GroupCoordinator 0]: Group spark-kafka-source-8b51c7c5-4dc1-4946-a3a4-10bf7bb3f964--570476199-driver-0 with generation 2 is now empty (__consumer_offsets-25) (kafka.coordinator.group.GroupCoordinator)
[2024-02-06 21:21:49,052] INFO [GroupCoordinator 0]: Preparing to rebalance group spark-kafka-source-5c313d93-7c41-487c-a70d-7bea738e61c4--1809802889-driver-0 in state PreparingRebalance with old generation 0 (__consumer_offsets-38) (reason: Adding new member consumer-spark-kafka-source-5c313d93-7c41-487c-a70d-7bea738e61c4--1809802889-driver-0-1-9e23d1ea-d8fe-45ce-a1f4-c597955ed5f4 with group instance id None) (kafka.coordinator.group.GroupCoordinator)
[2024-02-06 21:21:49,053] INFO [GroupCoordinator 0]: Stabilized group spark-kafka-source-5c313d93-7c41-487c-a70d-7bea738e61c4--1809802889-driver-0 generation 1 (__consumer_offsets-38) (kafka.coordinator.group.GroupCoordinator)
[2024-02-06 21:21:49,058] INFO [GroupCoordinator 0]: Assignment received from leader for group spark-kafka-source-5c313d93-7c41-487c-a70d-7bea738e61c4--1809802889-driver-0 for generation 1 (kafka.coordinator.group.GroupCoordinator)
[2024-02-06 21:22:38,195] INFO [GroupCoordinator 0]: Member consumer-spark-kafka-source-5c313d93-7c41-487c-a70d-7bea738e61c4--1809802889-driver-0-1-9e23d1ea-d8fe-45ce-a1f4-c597955ed5f4 in group spark-kafka-source-5c313d93-7c41-487c-a70d-7bea738e61c4--1809802889-driver-0 has failed, removing it from the group (kafka.coordinator.group.GroupCoordinator)
[2024-02-06 21:22:38,196] INFO [GroupCoordinator 0]: Preparing to rebalance group spark-kafka-source-5c313d93-7c41-487c-a70d-7bea738e61c4--1809802889-driver-0 in state PreparingRebalance with old generation 1 (__consumer_offsets-38) (reason: removing member consumer-spark-kafka-source-5c313d93-7c41-487c-a70d-7bea738e61c4--1809802889-driver-0-1-9e23d1ea-d8fe-45ce-a1f4-c597955ed5f4 on heartbeat expiration) (kafka.coordinator.group.GroupCoordinator)
[2024-02-06 21:22:38,196] INFO [GroupCoordinator 0]: Group spark-kafka-source-5c313d93-7c41-487c-a70d-7bea738e61c4--1809802889-driver-0 with generation 2 is now empty (__consumer_offsets-38) (kafka.coordinator.group.GroupCoordinator)
[2024-02-06 21:22:43,363] INFO [GroupCoordinator 0]: Preparing to rebalance group spark-kafka-source-0633f47c-b67f-4762-9793-74406f9c18ea--603220656-driver-0 in state PreparingRebalance with old generation 0 (__consumer_offsets-5) (reason: Adding new member consumer-spark-kafka-source-0633f47c-b67f-4762-9793-74406f9c18ea--603220656-driver-0-1-ad17fc66-b7ba-4feb-b425-ef914be6f626 with group instance id None) (kafka.coordinator.group.GroupCoordinator)
[2024-02-06 21:22:43,369] INFO [GroupCoordinator 0]: Stabilized group spark-kafka-source-0633f47c-b67f-4762-9793-74406f9c18ea--603220656-driver-0 generation 1 (__consumer_offsets-5) (kafka.coordinator.group.GroupCoordinator)
[2024-02-06 21:22:43,379] INFO [GroupCoordinator 0]: Assignment received from leader for group spark-kafka-source-0633f47c-b67f-4762-9793-74406f9c18ea--603220656-driver-0 for generation 1 (kafka.coordinator.group.GroupCoordinator)
[2024-02-06 21:24:02,587] INFO [GroupCoordinator 0]: Member consumer-spark-kafka-source-0633f47c-b67f-4762-9793-74406f9c18ea--603220656-driver-0-1-ad17fc66-b7ba-4feb-b425-ef914be6f626 in group spark-kafka-source-0633f47c-b67f-4762-9793-74406f9c18ea--603220656-driver-0 has failed, removing it from the group (kafka.coordinator.group.GroupCoordinator)
[2024-02-06 21:24:02,588] INFO [GroupCoordinator 0]: Preparing to rebalance group spark-kafka-source-0633f47c-b67f-4762-9793-74406f9c18ea--603220656-driver-0 in state PreparingRebalance with old generation 1 (__consumer_offsets-5) (reason: removing member consumer-spark-kafka-source-0633f47c-b67f-4762-9793-74406f9c18ea--603220656-driver-0-1-ad17fc66-b7ba-4feb-b425-ef914be6f626 on heartbeat expiration) (kafka.coordinator.group.GroupCoordinator)
[2024-02-06 21:24:02,588] INFO [GroupCoordinator 0]: Group spark-kafka-source-0633f47c-b67f-4762-9793-74406f9c18ea--603220656-driver-0 with generation 2 is now empty (__consumer_offsets-5) (kafka.coordinator.group.GroupCoordinator)
[2024-02-06 21:24:05,950] INFO [GroupCoordinator 0]: Preparing to rebalance group spark-kafka-source-1a89d799-5dda-4649-ad2e-e9893c94986a-1370205228-driver-0 in state PreparingRebalance with old generation 0 (__consumer_offsets-21) (reason: Adding new member consumer-spark-kafka-source-1a89d799-5dda-4649-ad2e-e9893c94986a-1370205228-driver-0-1-94be4661-bce4-429d-8e3a-1ffe0a607dc4 with group instance id None) (kafka.coordinator.group.GroupCoordinator)
[2024-02-06 21:24:05,951] INFO [GroupCoordinator 0]: Stabilized group spark-kafka-source-1a89d799-5dda-4649-ad2e-e9893c94986a-1370205228-driver-0 generation 1 (__consumer_offsets-21) (kafka.coordinator.group.GroupCoordinator)
[2024-02-06 21:24:05,960] INFO [GroupCoordinator 0]: Assignment received from leader for group spark-kafka-source-1a89d799-5dda-4649-ad2e-e9893c94986a-1370205228-driver-0 for generation 1 (kafka.coordinator.group.GroupCoordinator)
[2024-02-06 21:24:59,709] INFO [GroupMetadataManager brokerId=0] Group spark-kafka-source-8b51c7c5-4dc1-4946-a3a4-10bf7bb3f964--570476199-driver-0 transitioned to Dead in generation 2 (kafka.coordinator.group.GroupMetadataManager)
[2024-02-06 21:24:59,710] INFO [GroupMetadataManager brokerId=0] Group spark-kafka-source-abc8bc75-07a3-4f75-b3fa-5db956b4ad2b-527308861-driver-0 transitioned to Dead in generation 2 (kafka.coordinator.group.GroupMetadataManager)
[2024-02-06 21:24:59,712] INFO [GroupMetadataManager brokerId=0] Group spark-kafka-source-5c313d93-7c41-487c-a70d-7bea738e61c4--1809802889-driver-0 transitioned to Dead in generation 2 (kafka.coordinator.group.GroupMetadataManager)
[2024-02-06 21:24:59,712] INFO [GroupMetadataManager brokerId=0] Group spark-kafka-source-0633f47c-b67f-4762-9793-74406f9c18ea--603220656-driver-0 transitioned to Dead in generation 2 (kafka.coordinator.group.GroupMetadataManager)
[2024-02-06 21:24:59,713] INFO [GroupMetadataManager brokerId=0] Removed 0 expired offsets in 4 milliseconds. (kafka.coordinator.group.GroupMetadataManager)
[2024-02-06 21:26:01,207] INFO [GroupCoordinator 0]: Member consumer-spark-kafka-source-1a89d799-5dda-4649-ad2e-e9893c94986a-1370205228-driver-0-1-94be4661-bce4-429d-8e3a-1ffe0a607dc4 in group spark-kafka-source-1a89d799-5dda-4649-ad2e-e9893c94986a-1370205228-driver-0 has failed, removing it from the group (kafka.coordinator.group.GroupCoordinator)
[2024-02-06 21:26:01,208] INFO [GroupCoordinator 0]: Preparing to rebalance group spark-kafka-source-1a89d799-5dda-4649-ad2e-e9893c94986a-1370205228-driver-0 in state PreparingRebalance with old generation 1 (__consumer_offsets-21) (reason: removing member consumer-spark-kafka-source-1a89d799-5dda-4649-ad2e-e9893c94986a-1370205228-driver-0-1-94be4661-bce4-429d-8e3a-1ffe0a607dc4 on heartbeat expiration) (kafka.coordinator.group.GroupCoordinator)
[2024-02-06 21:26:01,208] INFO [GroupCoordinator 0]: Group spark-kafka-source-1a89d799-5dda-4649-ad2e-e9893c94986a-1370205228-driver-0 with generation 2 is now empty (__consumer_offsets-21) (kafka.coordinator.group.GroupCoordinator)
[2024-02-06 21:26:07,364] INFO [GroupCoordinator 0]: Preparing to rebalance group spark-kafka-source-5cea69e6-6bfc-431a-9982-b35fbc89b01a--946235939-driver-0 in state PreparingRebalance with old generation 0 (__consumer_offsets-31) (reason: Adding new member consumer-spark-kafka-source-5cea69e6-6bfc-431a-9982-b35fbc89b01a--946235939-driver-0-1-a9aee938-f383-4db9-958c-b72826fa5225 with group instance id None) (kafka.coordinator.group.GroupCoordinator)
[2024-02-06 21:26:07,365] INFO [GroupCoordinator 0]: Stabilized group spark-kafka-source-5cea69e6-6bfc-431a-9982-b35fbc89b01a--946235939-driver-0 generation 1 (__consumer_offsets-31) (kafka.coordinator.group.GroupCoordinator)
[2024-02-06 21:26:07,373] INFO [GroupCoordinator 0]: Assignment received from leader for group spark-kafka-source-5cea69e6-6bfc-431a-9982-b35fbc89b01a--946235939-driver-0 for generation 1 (kafka.coordinator.group.GroupCoordinator)
[2024-02-06 21:26:23,412] INFO [GroupCoordinator 0]: Member consumer-spark-kafka-source-5cea69e6-6bfc-431a-9982-b35fbc89b01a--946235939-driver-0-1-a9aee938-f383-4db9-958c-b72826fa5225 in group spark-kafka-source-5cea69e6-6bfc-431a-9982-b35fbc89b01a--946235939-driver-0 has failed, removing it from the group (kafka.coordinator.group.GroupCoordinator)
[2024-02-06 21:26:23,413] INFO [GroupCoordinator 0]: Preparing to rebalance group spark-kafka-source-5cea69e6-6bfc-431a-9982-b35fbc89b01a--946235939-driver-0 in state PreparingRebalance with old generation 1 (__consumer_offsets-31) (reason: removing member consumer-spark-kafka-source-5cea69e6-6bfc-431a-9982-b35fbc89b01a--946235939-driver-0-1-a9aee938-f383-4db9-958c-b72826fa5225 on heartbeat expiration) (kafka.coordinator.group.GroupCoordinator)
[2024-02-06 21:26:23,413] INFO [GroupCoordinator 0]: Group spark-kafka-source-5cea69e6-6bfc-431a-9982-b35fbc89b01a--946235939-driver-0 with generation 2 is now empty (__consumer_offsets-31) (kafka.coordinator.group.GroupCoordinator)
[2024-02-06 21:26:36,336] INFO [GroupCoordinator 0]: Preparing to rebalance group spark-kafka-source-b0243bd0-6dc8-4bb6-837a-3505808a52e0-439614325-driver-0 in state PreparingRebalance with old generation 0 (__consumer_offsets-34) (reason: Adding new member consumer-spark-kafka-source-b0243bd0-6dc8-4bb6-837a-3505808a52e0-439614325-driver-0-1-3c171b00-1551-46d9-9cd4-810581474471 with group instance id None) (kafka.coordinator.group.GroupCoordinator)
[2024-02-06 21:26:36,337] INFO [GroupCoordinator 0]: Stabilized group spark-kafka-source-b0243bd0-6dc8-4bb6-837a-3505808a52e0-439614325-driver-0 generation 1 (__consumer_offsets-34) (kafka.coordinator.group.GroupCoordinator)
[2024-02-06 21:26:36,344] INFO [GroupCoordinator 0]: Assignment received from leader for group spark-kafka-source-b0243bd0-6dc8-4bb6-837a-3505808a52e0-439614325-driver-0 for generation 1 (kafka.coordinator.group.GroupCoordinator)
[2024-02-06 21:28:22,604] INFO [GroupCoordinator 0]: Member consumer-spark-kafka-source-b0243bd0-6dc8-4bb6-837a-3505808a52e0-439614325-driver-0-1-3c171b00-1551-46d9-9cd4-810581474471 in group spark-kafka-source-b0243bd0-6dc8-4bb6-837a-3505808a52e0-439614325-driver-0 has failed, removing it from the group (kafka.coordinator.group.GroupCoordinator)
[2024-02-06 21:28:22,604] INFO [GroupCoordinator 0]: Preparing to rebalance group spark-kafka-source-b0243bd0-6dc8-4bb6-837a-3505808a52e0-439614325-driver-0 in state PreparingRebalance with old generation 1 (__consumer_offsets-34) (reason: removing member consumer-spark-kafka-source-b0243bd0-6dc8-4bb6-837a-3505808a52e0-439614325-driver-0-1-3c171b00-1551-46d9-9cd4-810581474471 on heartbeat expiration) (kafka.coordinator.group.GroupCoordinator)
[2024-02-06 21:28:22,605] INFO [GroupCoordinator 0]: Group spark-kafka-source-b0243bd0-6dc8-4bb6-837a-3505808a52e0-439614325-driver-0 with generation 2 is now empty (__consumer_offsets-34) (kafka.coordinator.group.GroupCoordinator)
[2024-02-06 21:28:26,107] INFO [GroupCoordinator 0]: Preparing to rebalance group spark-kafka-source-59d8cab9-fec7-4d70-9e57-edcdfa1ae959--440109135-driver-0 in state PreparingRebalance with old generation 0 (__consumer_offsets-46) (reason: Adding new member consumer-spark-kafka-source-59d8cab9-fec7-4d70-9e57-edcdfa1ae959--440109135-driver-0-1-acb4fc15-bd7e-4137-8af3-d5bf3b36890f with group instance id None) (kafka.coordinator.group.GroupCoordinator)
[2024-02-06 21:28:26,108] INFO [GroupCoordinator 0]: Stabilized group spark-kafka-source-59d8cab9-fec7-4d70-9e57-edcdfa1ae959--440109135-driver-0 generation 1 (__consumer_offsets-46) (kafka.coordinator.group.GroupCoordinator)
[2024-02-06 21:28:26,116] INFO [GroupCoordinator 0]: Assignment received from leader for group spark-kafka-source-59d8cab9-fec7-4d70-9e57-edcdfa1ae959--440109135-driver-0 for generation 1 (kafka.coordinator.group.GroupCoordinator)
[2024-02-06 21:30:18,270] INFO [GroupCoordinator 0]: Member consumer-spark-kafka-source-59d8cab9-fec7-4d70-9e57-edcdfa1ae959--440109135-driver-0-1-acb4fc15-bd7e-4137-8af3-d5bf3b36890f in group spark-kafka-source-59d8cab9-fec7-4d70-9e57-edcdfa1ae959--440109135-driver-0 has failed, removing it from the group (kafka.coordinator.group.GroupCoordinator)
[2024-02-06 21:30:18,270] INFO [GroupCoordinator 0]: Preparing to rebalance group spark-kafka-source-59d8cab9-fec7-4d70-9e57-edcdfa1ae959--440109135-driver-0 in state PreparingRebalance with old generation 1 (__consumer_offsets-46) (reason: removing member consumer-spark-kafka-source-59d8cab9-fec7-4d70-9e57-edcdfa1ae959--440109135-driver-0-1-acb4fc15-bd7e-4137-8af3-d5bf3b36890f on heartbeat expiration) (kafka.coordinator.group.GroupCoordinator)
[2024-02-06 21:30:18,270] INFO [GroupCoordinator 0]: Group spark-kafka-source-59d8cab9-fec7-4d70-9e57-edcdfa1ae959--440109135-driver-0 with generation 2 is now empty (__consumer_offsets-46) (kafka.coordinator.group.GroupCoordinator)
[2024-02-06 21:31:10,601] INFO [GroupCoordinator 0]: Preparing to rebalance group spark-kafka-source-43661e07-a482-4512-84bb-24e50d3e554c-657809793-driver-0 in state PreparingRebalance with old generation 0 (__consumer_offsets-10) (reason: Adding new member consumer-spark-kafka-source-43661e07-a482-4512-84bb-24e50d3e554c-657809793-driver-0-1-2f91dbcb-2b6f-4b7c-861f-bc3cfc3a5e1e with group instance id None) (kafka.coordinator.group.GroupCoordinator)
[2024-02-06 21:31:10,602] INFO [GroupCoordinator 0]: Stabilized group spark-kafka-source-43661e07-a482-4512-84bb-24e50d3e554c-657809793-driver-0 generation 1 (__consumer_offsets-10) (kafka.coordinator.group.GroupCoordinator)
[2024-02-06 21:31:10,609] INFO [GroupCoordinator 0]: Assignment received from leader for group spark-kafka-source-43661e07-a482-4512-84bb-24e50d3e554c-657809793-driver-0 for generation 1 (kafka.coordinator.group.GroupCoordinator)
[2024-02-06 21:32:02,721] INFO [GroupCoordinator 0]: Member consumer-spark-kafka-source-43661e07-a482-4512-84bb-24e50d3e554c-657809793-driver-0-1-2f91dbcb-2b6f-4b7c-861f-bc3cfc3a5e1e in group spark-kafka-source-43661e07-a482-4512-84bb-24e50d3e554c-657809793-driver-0 has failed, removing it from the group (kafka.coordinator.group.GroupCoordinator)
[2024-02-06 21:32:02,721] INFO [GroupCoordinator 0]: Preparing to rebalance group spark-kafka-source-43661e07-a482-4512-84bb-24e50d3e554c-657809793-driver-0 in state PreparingRebalance with old generation 1 (__consumer_offsets-10) (reason: removing member consumer-spark-kafka-source-43661e07-a482-4512-84bb-24e50d3e554c-657809793-driver-0-1-2f91dbcb-2b6f-4b7c-861f-bc3cfc3a5e1e on heartbeat expiration) (kafka.coordinator.group.GroupCoordinator)
[2024-02-06 21:32:02,722] INFO [GroupCoordinator 0]: Group spark-kafka-source-43661e07-a482-4512-84bb-24e50d3e554c-657809793-driver-0 with generation 2 is now empty (__consumer_offsets-10) (kafka.coordinator.group.GroupCoordinator)
[2024-02-06 21:32:06,759] INFO [GroupCoordinator 0]: Preparing to rebalance group spark-kafka-source-1a9e90be-db92-4133-ab53-a7455dc84cd0-405500042-driver-0 in state PreparingRebalance with old generation 0 (__consumer_offsets-41) (reason: Adding new member consumer-spark-kafka-source-1a9e90be-db92-4133-ab53-a7455dc84cd0-405500042-driver-0-1-629a313e-9a9d-4aa8-8648-b3a29f01eb2f with group instance id None) (kafka.coordinator.group.GroupCoordinator)
[2024-02-06 21:32:06,760] INFO [GroupCoordinator 0]: Stabilized group spark-kafka-source-1a9e90be-db92-4133-ab53-a7455dc84cd0-405500042-driver-0 generation 1 (__consumer_offsets-41) (kafka.coordinator.group.GroupCoordinator)
[2024-02-06 21:32:06,776] INFO [GroupCoordinator 0]: Assignment received from leader for group spark-kafka-source-1a9e90be-db92-4133-ab53-a7455dc84cd0-405500042-driver-0 for generation 1 (kafka.coordinator.group.GroupCoordinator)
[2024-02-06 21:34:59,709] INFO [GroupMetadataManager brokerId=0] Group spark-kafka-source-43661e07-a482-4512-84bb-24e50d3e554c-657809793-driver-0 transitioned to Dead in generation 2 (kafka.coordinator.group.GroupMetadataManager)
[2024-02-06 21:34:59,710] INFO [GroupMetadataManager brokerId=0] Group spark-kafka-source-5cea69e6-6bfc-431a-9982-b35fbc89b01a--946235939-driver-0 transitioned to Dead in generation 2 (kafka.coordinator.group.GroupMetadataManager)
[2024-02-06 21:34:59,710] INFO [GroupMetadataManager brokerId=0] Group spark-kafka-source-59d8cab9-fec7-4d70-9e57-edcdfa1ae959--440109135-driver-0 transitioned to Dead in generation 2 (kafka.coordinator.group.GroupMetadataManager)
[2024-02-06 21:34:59,710] INFO [GroupMetadataManager brokerId=0] Group spark-kafka-source-b0243bd0-6dc8-4bb6-837a-3505808a52e0-439614325-driver-0 transitioned to Dead in generation 2 (kafka.coordinator.group.GroupMetadataManager)
[2024-02-06 21:34:59,711] INFO [GroupMetadataManager brokerId=0] Group spark-kafka-source-1a89d799-5dda-4649-ad2e-e9893c94986a-1370205228-driver-0 transitioned to Dead in generation 2 (kafka.coordinator.group.GroupMetadataManager)
[2024-02-06 21:34:59,711] INFO [GroupMetadataManager brokerId=0] Removed 0 expired offsets in 2 milliseconds. (kafka.coordinator.group.GroupMetadataManager)
[2024-02-06 21:36:02,106] INFO [GroupCoordinator 0]: Member consumer-spark-kafka-source-1a9e90be-db92-4133-ab53-a7455dc84cd0-405500042-driver-0-1-629a313e-9a9d-4aa8-8648-b3a29f01eb2f in group spark-kafka-source-1a9e90be-db92-4133-ab53-a7455dc84cd0-405500042-driver-0 has failed, removing it from the group (kafka.coordinator.group.GroupCoordinator)
[2024-02-06 21:36:02,107] INFO [GroupCoordinator 0]: Preparing to rebalance group spark-kafka-source-1a9e90be-db92-4133-ab53-a7455dc84cd0-405500042-driver-0 in state PreparingRebalance with old generation 1 (__consumer_offsets-41) (reason: removing member consumer-spark-kafka-source-1a9e90be-db92-4133-ab53-a7455dc84cd0-405500042-driver-0-1-629a313e-9a9d-4aa8-8648-b3a29f01eb2f on heartbeat expiration) (kafka.coordinator.group.GroupCoordinator)
[2024-02-06 21:36:02,107] INFO [GroupCoordinator 0]: Group spark-kafka-source-1a9e90be-db92-4133-ab53-a7455dc84cd0-405500042-driver-0 with generation 2 is now empty (__consumer_offsets-41) (kafka.coordinator.group.GroupCoordinator)
[2024-02-06 21:36:08,077] INFO [GroupCoordinator 0]: Preparing to rebalance group spark-kafka-source-523f4ab0-86f2-4adc-ad7c-8abde52aaa9f--1280246831-driver-0 in state PreparingRebalance with old generation 0 (__consumer_offsets-5) (reason: Adding new member consumer-spark-kafka-source-523f4ab0-86f2-4adc-ad7c-8abde52aaa9f--1280246831-driver-0-1-6012f705-2cb9-42b7-bdb9-8957f4837ecf with group instance id None) (kafka.coordinator.group.GroupCoordinator)
[2024-02-06 21:36:08,079] INFO [GroupCoordinator 0]: Stabilized group spark-kafka-source-523f4ab0-86f2-4adc-ad7c-8abde52aaa9f--1280246831-driver-0 generation 1 (__consumer_offsets-5) (kafka.coordinator.group.GroupCoordinator)
[2024-02-06 21:36:08,085] INFO [GroupCoordinator 0]: Assignment received from leader for group spark-kafka-source-523f4ab0-86f2-4adc-ad7c-8abde52aaa9f--1280246831-driver-0 for generation 1 (kafka.coordinator.group.GroupCoordinator)
[2024-02-06 21:38:54,366] INFO [GroupCoordinator 0]: Member consumer-spark-kafka-source-523f4ab0-86f2-4adc-ad7c-8abde52aaa9f--1280246831-driver-0-1-6012f705-2cb9-42b7-bdb9-8957f4837ecf in group spark-kafka-source-523f4ab0-86f2-4adc-ad7c-8abde52aaa9f--1280246831-driver-0 has failed, removing it from the group (kafka.coordinator.group.GroupCoordinator)
[2024-02-06 21:38:54,366] INFO [GroupCoordinator 0]: Preparing to rebalance group spark-kafka-source-523f4ab0-86f2-4adc-ad7c-8abde52aaa9f--1280246831-driver-0 in state PreparingRebalance with old generation 1 (__consumer_offsets-5) (reason: removing member consumer-spark-kafka-source-523f4ab0-86f2-4adc-ad7c-8abde52aaa9f--1280246831-driver-0-1-6012f705-2cb9-42b7-bdb9-8957f4837ecf on heartbeat expiration) (kafka.coordinator.group.GroupCoordinator)
[2024-02-06 21:38:54,367] INFO [GroupCoordinator 0]: Group spark-kafka-source-523f4ab0-86f2-4adc-ad7c-8abde52aaa9f--1280246831-driver-0 with generation 2 is now empty (__consumer_offsets-5) (kafka.coordinator.group.GroupCoordinator)
[2024-02-06 21:38:59,015] INFO [GroupCoordinator 0]: Preparing to rebalance group spark-kafka-source-da344963-92a5-491a-8e09-0f127f22a609--1753824014-driver-0 in state PreparingRebalance with old generation 0 (__consumer_offsets-46) (reason: Adding new member consumer-spark-kafka-source-da344963-92a5-491a-8e09-0f127f22a609--1753824014-driver-0-1-84f412b7-7eb1-4392-b75c-c61664f925c4 with group instance id None) (kafka.coordinator.group.GroupCoordinator)
[2024-02-06 21:38:59,017] INFO [GroupCoordinator 0]: Stabilized group spark-kafka-source-da344963-92a5-491a-8e09-0f127f22a609--1753824014-driver-0 generation 1 (__consumer_offsets-46) (kafka.coordinator.group.GroupCoordinator)
[2024-02-06 21:38:59,023] INFO [GroupCoordinator 0]: Assignment received from leader for group spark-kafka-source-da344963-92a5-491a-8e09-0f127f22a609--1753824014-driver-0 for generation 1 (kafka.coordinator.group.GroupCoordinator)
[2024-02-06 21:41:21,295] INFO [GroupCoordinator 0]: Member consumer-spark-kafka-source-da344963-92a5-491a-8e09-0f127f22a609--1753824014-driver-0-1-84f412b7-7eb1-4392-b75c-c61664f925c4 in group spark-kafka-source-da344963-92a5-491a-8e09-0f127f22a609--1753824014-driver-0 has failed, removing it from the group (kafka.coordinator.group.GroupCoordinator)
[2024-02-06 21:41:21,296] INFO [GroupCoordinator 0]: Preparing to rebalance group spark-kafka-source-da344963-92a5-491a-8e09-0f127f22a609--1753824014-driver-0 in state PreparingRebalance with old generation 1 (__consumer_offsets-46) (reason: removing member consumer-spark-kafka-source-da344963-92a5-491a-8e09-0f127f22a609--1753824014-driver-0-1-84f412b7-7eb1-4392-b75c-c61664f925c4 on heartbeat expiration) (kafka.coordinator.group.GroupCoordinator)
[2024-02-06 21:41:21,296] INFO [GroupCoordinator 0]: Group spark-kafka-source-da344963-92a5-491a-8e09-0f127f22a609--1753824014-driver-0 with generation 2 is now empty (__consumer_offsets-46) (kafka.coordinator.group.GroupCoordinator)
[2024-02-06 21:41:33,855] INFO Terminating process due to signal SIGINT (org.apache.kafka.common.utils.LoggingSignalHandler)
[2024-02-06 21:41:33,864] INFO [KafkaServer id=0] shutting down (kafka.server.KafkaServer)
[2024-02-06 21:41:33,865] INFO [KafkaServer id=0] Starting controlled shutdown (kafka.server.KafkaServer)
[2024-02-06 21:41:33,890] INFO [KafkaServer id=0] Controlled shutdown succeeded (kafka.server.KafkaServer)
[2024-02-06 21:41:33,894] INFO [/config/changes-event-process-thread]: Shutting down (kafka.common.ZkNodeChangeNotificationListener$ChangeEventProcessThread)
[2024-02-06 21:41:33,895] INFO [/config/changes-event-process-thread]: Shutdown completed (kafka.common.ZkNodeChangeNotificationListener$ChangeEventProcessThread)
[2024-02-06 21:41:33,895] INFO [/config/changes-event-process-thread]: Stopped (kafka.common.ZkNodeChangeNotificationListener$ChangeEventProcessThread)
[2024-02-06 21:41:33,900] INFO [SocketServer brokerId=0] Stopping socket server request processors (kafka.network.SocketServer)
[2024-02-06 21:41:33,912] INFO [SocketServer brokerId=0] Stopped socket server request processors (kafka.network.SocketServer)
[2024-02-06 21:41:33,913] INFO [data-plane Kafka Request Handler on Broker 0], shutting down (kafka.server.KafkaRequestHandlerPool)
[2024-02-06 21:41:33,916] INFO [data-plane Kafka Request Handler on Broker 0], shut down completely (kafka.server.KafkaRequestHandlerPool)
[2024-02-06 21:41:33,921] INFO [ExpirationReaper-0-AlterAcls]: Shutting down (kafka.server.DelayedOperationPurgatory$ExpiredOperationReaper)
[2024-02-06 21:41:34,043] INFO [ExpirationReaper-0-AlterAcls]: Stopped (kafka.server.DelayedOperationPurgatory$ExpiredOperationReaper)
[2024-02-06 21:41:34,043] INFO [ExpirationReaper-0-AlterAcls]: Shutdown completed (kafka.server.DelayedOperationPurgatory$ExpiredOperationReaper)
[2024-02-06 21:41:34,044] INFO [KafkaApi-0] Shutdown complete. (kafka.server.KafkaApis)
[2024-02-06 21:41:34,045] INFO [ExpirationReaper-0-topic]: Shutting down (kafka.server.DelayedOperationPurgatory$ExpiredOperationReaper)
[2024-02-06 21:41:34,238] INFO [ExpirationReaper-0-topic]: Stopped (kafka.server.DelayedOperationPurgatory$ExpiredOperationReaper)
[2024-02-06 21:41:34,238] INFO [ExpirationReaper-0-topic]: Shutdown completed (kafka.server.DelayedOperationPurgatory$ExpiredOperationReaper)
[2024-02-06 21:41:34,239] INFO [TransactionCoordinator id=0] Shutting down. (kafka.coordinator.transaction.TransactionCoordinator)
[2024-02-06 21:41:34,240] INFO [ProducerId Manager 0]: Shutdown complete: last producerId assigned 0 (kafka.coordinator.transaction.ProducerIdManager)
[2024-02-06 21:41:34,241] INFO [Transaction State Manager 0]: Shutdown complete (kafka.coordinator.transaction.TransactionStateManager)
[2024-02-06 21:41:34,241] INFO [Transaction Marker Channel Manager 0]: Shutting down (kafka.coordinator.transaction.TransactionMarkerChannelManager)
[2024-02-06 21:41:34,242] INFO [Transaction Marker Channel Manager 0]: Stopped (kafka.coordinator.transaction.TransactionMarkerChannelManager)
[2024-02-06 21:41:34,242] INFO [Transaction Marker Channel Manager 0]: Shutdown completed (kafka.coordinator.transaction.TransactionMarkerChannelManager)
[2024-02-06 21:41:34,243] INFO [TransactionCoordinator id=0] Shutdown complete. (kafka.coordinator.transaction.TransactionCoordinator)
[2024-02-06 21:41:34,243] INFO [GroupCoordinator 0]: Shutting down. (kafka.coordinator.group.GroupCoordinator)
[2024-02-06 21:41:34,244] INFO [ExpirationReaper-0-Heartbeat]: Shutting down (kafka.server.DelayedOperationPurgatory$ExpiredOperationReaper)
[2024-02-06 21:41:34,301] INFO [ExpirationReaper-0-Heartbeat]: Stopped (kafka.server.DelayedOperationPurgatory$ExpiredOperationReaper)
[2024-02-06 21:41:34,301] INFO [ExpirationReaper-0-Heartbeat]: Shutdown completed (kafka.server.DelayedOperationPurgatory$ExpiredOperationReaper)
[2024-02-06 21:41:34,301] INFO [ExpirationReaper-0-Rebalance]: Shutting down (kafka.server.DelayedOperationPurgatory$ExpiredOperationReaper)
[2024-02-06 21:41:34,494] INFO [ExpirationReaper-0-Rebalance]: Stopped (kafka.server.DelayedOperationPurgatory$ExpiredOperationReaper)
[2024-02-06 21:41:34,494] INFO [ExpirationReaper-0-Rebalance]: Shutdown completed (kafka.server.DelayedOperationPurgatory$ExpiredOperationReaper)
[2024-02-06 21:41:34,495] INFO [GroupCoordinator 0]: Shutdown complete. (kafka.coordinator.group.GroupCoordinator)
[2024-02-06 21:41:34,496] INFO [ReplicaManager broker=0] Shutting down (kafka.server.ReplicaManager)
[2024-02-06 21:41:34,496] INFO [LogDirFailureHandler]: Shutting down (kafka.server.ReplicaManager$LogDirFailureHandler)
[2024-02-06 21:41:34,496] INFO [LogDirFailureHandler]: Stopped (kafka.server.ReplicaManager$LogDirFailureHandler)
[2024-02-06 21:41:34,497] INFO [LogDirFailureHandler]: Shutdown completed (kafka.server.ReplicaManager$LogDirFailureHandler)
[2024-02-06 21:41:34,497] INFO [ReplicaFetcherManager on broker 0] shutting down (kafka.server.ReplicaFetcherManager)
[2024-02-06 21:41:34,498] INFO [ReplicaFetcherManager on broker 0] shutdown completed (kafka.server.ReplicaFetcherManager)
[2024-02-06 21:41:34,499] INFO [ReplicaAlterLogDirsManager on broker 0] shutting down (kafka.server.ReplicaAlterLogDirsManager)
[2024-02-06 21:41:34,499] INFO [ReplicaAlterLogDirsManager on broker 0] shutdown completed (kafka.server.ReplicaAlterLogDirsManager)
[2024-02-06 21:41:34,499] INFO [ExpirationReaper-0-Fetch]: Shutting down (kafka.server.DelayedOperationPurgatory$ExpiredOperationReaper)
[2024-02-06 21:41:34,590] INFO [ExpirationReaper-0-Fetch]: Stopped (kafka.server.DelayedOperationPurgatory$ExpiredOperationReaper)
[2024-02-06 21:41:34,590] INFO [ExpirationReaper-0-Fetch]: Shutdown completed (kafka.server.DelayedOperationPurgatory$ExpiredOperationReaper)
[2024-02-06 21:41:34,591] INFO [ExpirationReaper-0-Produce]: Shutting down (kafka.server.DelayedOperationPurgatory$ExpiredOperationReaper)
[2024-02-06 21:41:34,771] INFO [ExpirationReaper-0-Produce]: Stopped (kafka.server.DelayedOperationPurgatory$ExpiredOperationReaper)
[2024-02-06 21:41:34,771] INFO [ExpirationReaper-0-Produce]: Shutdown completed (kafka.server.DelayedOperationPurgatory$ExpiredOperationReaper)
[2024-02-06 21:41:34,771] INFO [ExpirationReaper-0-DeleteRecords]: Shutting down (kafka.server.DelayedOperationPurgatory$ExpiredOperationReaper)
[2024-02-06 21:41:34,844] INFO [ExpirationReaper-0-DeleteRecords]: Stopped (kafka.server.DelayedOperationPurgatory$ExpiredOperationReaper)
[2024-02-06 21:41:34,844] INFO [ExpirationReaper-0-DeleteRecords]: Shutdown completed (kafka.server.DelayedOperationPurgatory$ExpiredOperationReaper)
[2024-02-06 21:41:34,844] INFO [ExpirationReaper-0-ElectLeader]: Shutting down (kafka.server.DelayedOperationPurgatory$ExpiredOperationReaper)
[2024-02-06 21:41:34,987] INFO [ExpirationReaper-0-ElectLeader]: Stopped (kafka.server.DelayedOperationPurgatory$ExpiredOperationReaper)
[2024-02-06 21:41:34,987] INFO [ExpirationReaper-0-ElectLeader]: Shutdown completed (kafka.server.DelayedOperationPurgatory$ExpiredOperationReaper)
[2024-02-06 21:41:34,989] INFO [ReplicaManager broker=0] Shut down completely (kafka.server.ReplicaManager)
[2024-02-06 21:41:34,989] INFO Shutting down. (kafka.log.LogManager)
[2024-02-06 21:41:35,001] INFO [ProducerStateManager partition=__consumer_offsets-0] Writing producer snapshot at offset 3 (kafka.log.ProducerStateManager)
[2024-02-06 21:41:35,004] INFO [ProducerStateManager partition=__consumer_offsets-21] Writing producer snapshot at offset 3 (kafka.log.ProducerStateManager)
[2024-02-06 21:41:35,005] INFO [ProducerStateManager partition=__consumer_offsets-25] Writing producer snapshot at offset 3 (kafka.log.ProducerStateManager)
[2024-02-06 21:41:35,006] INFO [ProducerStateManager partition=__consumer_offsets-41] Writing producer snapshot at offset 2 (kafka.log.ProducerStateManager)
[2024-02-06 21:41:35,009] INFO [ProducerStateManager partition=__consumer_offsets-2] Writing producer snapshot at offset 3 (kafka.log.ProducerStateManager)
[2024-02-06 21:41:35,011] INFO [ProducerStateManager partition=__consumer_offsets-10] Writing producer snapshot at offset 3 (kafka.log.ProducerStateManager)
[2024-02-06 21:41:35,012] INFO [ProducerStateManager partition=velib-projet-final-data-0] Writing producer snapshot at offset 8 (kafka.log.ProducerStateManager)
[2024-02-06 21:41:35,013] INFO [ProducerStateManager partition=__consumer_offsets-46] Writing producer snapshot at offset 5 (kafka.log.ProducerStateManager)
[2024-02-06 21:41:35,018] INFO [ProducerStateManager partition=__consumer_offsets-31] Writing producer snapshot at offset 3 (kafka.log.ProducerStateManager)
[2024-02-06 21:41:35,019] INFO [ProducerStateManager partition=__consumer_offsets-5] Writing producer snapshot at offset 5 (kafka.log.ProducerStateManager)
[2024-02-06 21:41:35,019] INFO [ProducerStateManager partition=__consumer_offsets-38] Writing producer snapshot at offset 6 (kafka.log.ProducerStateManager)
[2024-02-06 21:41:35,020] INFO [ProducerStateManager partition=__consumer_offsets-34] Writing producer snapshot at offset 3 (kafka.log.ProducerStateManager)
[2024-02-06 21:41:35,021] INFO [ProducerStateManager partition=velib-projet-0] Writing producer snapshot at offset 1950 (kafka.log.ProducerStateManager)
[2024-02-06 21:41:35,031] INFO Shutdown complete. (kafka.log.LogManager)
[2024-02-06 21:41:35,037] INFO [ZooKeeperClient Kafka server] Closing. (kafka.zookeeper.ZooKeeperClient)
[2024-02-06 21:41:35,141] INFO EventThread shut down for session: 0x1000026ec8b0000 (org.apache.zookeeper.ClientCnxn)
[2024-02-06 21:41:35,141] INFO Session: 0x1000026ec8b0000 closed (org.apache.zookeeper.ZooKeeper)
[2024-02-06 21:41:35,142] INFO [ZooKeeperClient Kafka server] Closed. (kafka.zookeeper.ZooKeeperClient)
[2024-02-06 21:41:35,142] INFO [ThrottledChannelReaper-Fetch]: Shutting down (kafka.server.ClientQuotaManager$ThrottledChannelReaper)
[2024-02-06 21:41:35,256] INFO [ThrottledChannelReaper-Fetch]: Stopped (kafka.server.ClientQuotaManager$ThrottledChannelReaper)
[2024-02-06 21:41:35,256] INFO [ThrottledChannelReaper-Fetch]: Shutdown completed (kafka.server.ClientQuotaManager$ThrottledChannelReaper)
[2024-02-06 21:41:35,257] INFO [ThrottledChannelReaper-Produce]: Shutting down (kafka.server.ClientQuotaManager$ThrottledChannelReaper)
[2024-02-06 21:41:35,258] INFO [ThrottledChannelReaper-Produce]: Stopped (kafka.server.ClientQuotaManager$ThrottledChannelReaper)
[2024-02-06 21:41:35,258] INFO [ThrottledChannelReaper-Produce]: Shutdown completed (kafka.server.ClientQuotaManager$ThrottledChannelReaper)
[2024-02-06 21:41:35,258] INFO [ThrottledChannelReaper-Request]: Shutting down (kafka.server.ClientQuotaManager$ThrottledChannelReaper)
[2024-02-06 21:41:36,258] INFO [ThrottledChannelReaper-Request]: Stopped (kafka.server.ClientQuotaManager$ThrottledChannelReaper)
[2024-02-06 21:41:36,258] INFO [ThrottledChannelReaper-Request]: Shutdown completed (kafka.server.ClientQuotaManager$ThrottledChannelReaper)
[2024-02-06 21:41:36,259] INFO [SocketServer brokerId=0] Shutting down socket server (kafka.network.SocketServer)
[2024-02-06 21:41:36,283] INFO [SocketServer brokerId=0] Shutdown completed (kafka.network.SocketServer)
[2024-02-06 21:41:36,286] INFO [KafkaServer id=0] shut down completed (kafka.server.KafkaServer)
