[2024-02-06T23:38:19.220+0000][gc,heap] Heap region size: 1M
[2024-02-06T23:38:19.231+0000][gc     ] Using G1
[2024-02-06T23:38:19.231+0000][gc,heap,coops] Heap address: 0x00000000e0000000, size: 512 MB, Compressed Oops mode: 32-bit
[2024-02-06T23:38:19.231+0000][gc,cds       ] Mark closed archive regions in map: [0x00000000fff00000, 0x00000000fff6bff8]
[2024-02-06T23:38:19.231+0000][gc,cds       ] Mark open archive regions in map: [0x00000000ffe00000, 0x00000000ffe47ff8]
[2024-02-06T23:38:32.968+0000][gc,start     ] GC(0) Pause Young (Normal) (G1 Evacuation Pause)
[2024-02-06T23:38:32.968+0000][gc,task      ] GC(0) Using 2 workers of 2 for evacuation
[2024-02-06T23:38:32.980+0000][gc,phases    ] GC(0)   Pre Evacuate Collection Set: 0.0ms
[2024-02-06T23:38:32.980+0000][gc,phases    ] GC(0)   Evacuate Collection Set: 11.8ms
[2024-02-06T23:38:32.980+0000][gc,phases    ] GC(0)   Post Evacuate Collection Set: 0.2ms
[2024-02-06T23:38:32.980+0000][gc,phases    ] GC(0)   Other: 0.5ms
[2024-02-06T23:38:32.980+0000][gc,heap      ] GC(0) Eden regions: 25->0(21)
[2024-02-06T23:38:32.980+0000][gc,heap      ] GC(0) Survivor regions: 0->4(4)
[2024-02-06T23:38:32.980+0000][gc,heap      ] GC(0) Old regions: 2->4
[2024-02-06T23:38:32.980+0000][gc,heap      ] GC(0) Humongous regions: 0->0
[2024-02-06T23:38:32.980+0000][gc,metaspace ] GC(0) Metaspace: 7775K(8192K)->7775K(8192K) NonClass: 6891K(7168K)->6891K(7168K) Class: 883K(1024K)->883K(1024K)
[2024-02-06T23:38:32.980+0000][gc           ] GC(0) Pause Young (Normal) (G1 Evacuation Pause) 25M->5M(512M) 12.625ms
[2024-02-06T23:38:32.980+0000][gc,cpu       ] GC(0) User=0.02s Sys=0.01s Real=0.02s
[2024-02-07T00:18:09.145+0000][gc,heap,exit ] Heap
[2024-02-07T00:18:09.145+0000][gc,heap,exit ]  garbage-first heap   total 524288K, used 13190K [0x00000000e0000000, 0x0000000100000000)
[2024-02-07T00:18:09.145+0000][gc,heap,exit ]   region size 1024K, 12 young (12288K), 4 survivors (4096K)
[2024-02-07T00:18:09.145+0000][gc,heap,exit ]  Metaspace       used 8459K, capacity 8765K, committed 8960K, reserved 1056768K
[2024-02-07T00:18:09.145+0000][gc,heap,exit ]   class space    used 901K, capacity 1014K, committed 1024K, reserved 1048576K
